{
  "C:\\Users\\boris\\Desktop\\rsschoolcourse\\src\\components\\Details\\Details.tsx": {
    "path": "C:\\Users\\boris\\Desktop\\rsschoolcourse\\src\\components\\Details\\Details.tsx",
    "all": false,
    "statementMap": {
      "0": {
        "start": { "line": 1, "column": 0 },
        "end": { "line": 1, "column": 41 }
      },
      "1": {
        "start": { "line": 2, "column": 0 },
        "end": { "line": 2, "column": 38 }
      },
      "2": {
        "start": { "line": 3, "column": 0 },
        "end": { "line": 3, "column": 42 }
      },
      "3": {
        "start": { "line": 4, "column": 0 },
        "end": { "line": 4, "column": 63 }
      },
      "4": {
        "start": { "line": 5, "column": 0 },
        "end": { "line": 5, "column": 42 }
      },
      "8": {
        "start": { "line": 9, "column": 0 },
        "end": { "line": 9, "column": 43 }
      },
      "9": {
        "start": { "line": 10, "column": 0 },
        "end": { "line": 10, "column": 51 }
      },
      "10": {
        "start": { "line": 11, "column": 0 },
        "end": { "line": 11, "column": 40 }
      },
      "12": {
        "start": { "line": 13, "column": 0 },
        "end": { "line": 13, "column": 33 }
      },
      "13": {
        "start": { "line": 14, "column": 0 },
        "end": { "line": 14, "column": 32 }
      },
      "14": {
        "start": { "line": 15, "column": 0 },
        "end": { "line": 15, "column": 29 }
      },
      "15": {
        "start": { "line": 16, "column": 0 },
        "end": { "line": 16, "column": 30 }
      },
      "16": {
        "start": { "line": 17, "column": 0 },
        "end": { "line": 17, "column": 66 }
      },
      "17": {
        "start": { "line": 18, "column": 0 },
        "end": { "line": 18, "column": 33 }
      },
      "18": {
        "start": { "line": 19, "column": 0 },
        "end": { "line": 19, "column": 40 }
      },
      "19": {
        "start": { "line": 20, "column": 0 },
        "end": { "line": 20, "column": 53 }
      },
      "20": {
        "start": { "line": 21, "column": 0 },
        "end": { "line": 21, "column": 4 }
      },
      "21": {
        "start": { "line": 22, "column": 0 },
        "end": { "line": 22, "column": 80 }
      },
      "22": {
        "start": { "line": 23, "column": 0 },
        "end": { "line": 23, "column": 25 }
      },
      "23": {
        "start": { "line": 24, "column": 0 },
        "end": { "line": 24, "column": 4 }
      },
      "25": {
        "start": { "line": 26, "column": 0 },
        "end": { "line": 26, "column": 19 }
      },
      "26": {
        "start": { "line": 27, "column": 0 },
        "end": { "line": 27, "column": 38 }
      },
      "27": {
        "start": { "line": 28, "column": 0 },
        "end": { "line": 28, "column": 15 }
      },
      "28": {
        "start": { "line": 29, "column": 0 },
        "end": { "line": 29, "column": 40 }
      },
      "29": {
        "start": { "line": 30, "column": 0 },
        "end": { "line": 30, "column": 5 }
      },
      "30": {
        "start": { "line": 31, "column": 0 },
        "end": { "line": 31, "column": 34 }
      },
      "32": {
        "start": { "line": 33, "column": 0 },
        "end": { "line": 33, "column": 36 }
      },
      "33": {
        "start": { "line": 34, "column": 0 },
        "end": { "line": 34, "column": 67 }
      },
      "34": {
        "start": { "line": 35, "column": 0 },
        "end": { "line": 35, "column": 38 }
      },
      "35": {
        "start": { "line": 36, "column": 0 },
        "end": { "line": 36, "column": 4 }
      },
      "37": {
        "start": { "line": 38, "column": 0 },
        "end": { "line": 38, "column": 10 }
      },
      "38": {
        "start": { "line": 39, "column": 0 },
        "end": { "line": 39, "column": 6 }
      },
      "39": {
        "start": { "line": 40, "column": 0 },
        "end": { "line": 40, "column": 20 }
      },
      "40": {
        "start": { "line": 41, "column": 0 },
        "end": { "line": 41, "column": 18 }
      },
      "41": {
        "start": { "line": 42, "column": 0 },
        "end": { "line": 42, "column": 19 }
      },
      "42": {
        "start": { "line": 43, "column": 0 },
        "end": { "line": 43, "column": 46 }
      },
      "43": {
        "start": { "line": 44, "column": 0 },
        "end": { "line": 44, "column": 28 }
      },
      "44": {
        "start": { "line": 45, "column": 0 },
        "end": { "line": 45, "column": 40 }
      },
      "45": {
        "start": { "line": 46, "column": 0 },
        "end": { "line": 46, "column": 79 }
      },
      "47": {
        "start": { "line": 48, "column": 0 },
        "end": { "line": 48, "column": 19 }
      },
      "48": {
        "start": { "line": 49, "column": 0 },
        "end": { "line": 49, "column": 74 }
      },
      "49": {
        "start": { "line": 50, "column": 0 },
        "end": { "line": 50, "column": 15 }
      },
      "50": {
        "start": { "line": 51, "column": 0 },
        "end": { "line": 51, "column": 55 }
      },
      "51": {
        "start": { "line": 52, "column": 0 },
        "end": { "line": 52, "column": 16 }
      },
      "52": {
        "start": { "line": 53, "column": 0 },
        "end": { "line": 53, "column": 15 }
      },
      "53": {
        "start": { "line": 54, "column": 0 },
        "end": { "line": 54, "column": 52 }
      },
      "54": {
        "start": { "line": 55, "column": 0 },
        "end": { "line": 55, "column": 16 }
      },
      "55": {
        "start": { "line": 56, "column": 0 },
        "end": { "line": 56, "column": 15 }
      },
      "56": {
        "start": { "line": 57, "column": 0 },
        "end": { "line": 57, "column": 46 }
      },
      "57": {
        "start": { "line": 58, "column": 0 },
        "end": { "line": 58, "column": 16 }
      },
      "58": {
        "start": { "line": 59, "column": 0 },
        "end": { "line": 59, "column": 15 }
      },
      "59": {
        "start": { "line": 60, "column": 0 },
        "end": { "line": 60, "column": 50 }
      },
      "60": {
        "start": { "line": 61, "column": 0 },
        "end": { "line": 61, "column": 16 }
      },
      "61": {
        "start": { "line": 62, "column": 0 },
        "end": { "line": 62, "column": 15 }
      },
      "62": {
        "start": { "line": 63, "column": 0 },
        "end": { "line": 63, "column": 52 }
      },
      "63": {
        "start": { "line": 64, "column": 0 },
        "end": { "line": 64, "column": 16 }
      },
      "64": {
        "start": { "line": 65, "column": 0 },
        "end": { "line": 65, "column": 70 }
      },
      "65": {
        "start": { "line": 66, "column": 0 },
        "end": { "line": 66, "column": 14 }
      },
      "67": {
        "start": { "line": 68, "column": 0 },
        "end": { "line": 68, "column": 27 }
      },
      "69": {
        "start": { "line": 70, "column": 0 },
        "end": { "line": 70, "column": 7 }
      },
      "71": {
        "start": { "line": 72, "column": 0 },
        "end": { "line": 72, "column": 2 }
      },
      "73": {
        "start": { "line": 74, "column": 0 },
        "end": { "line": 74, "column": 23 }
      }
    },
    "s": {
      "0": 1,
      "1": 1,
      "2": 1,
      "3": 1,
      "4": 1,
      "8": 1,
      "9": 1,
      "10": 1,
      "12": 1,
      "13": 5,
      "14": 5,
      "15": 5,
      "16": 5,
      "17": 5,
      "18": 5,
      "19": 5,
      "20": 5,
      "21": 5,
      "22": 5,
      "23": 5,
      "25": 5,
      "26": 3,
      "27": 3,
      "28": 1,
      "29": 1,
      "30": 5,
      "32": 5,
      "33": 0,
      "34": 0,
      "35": 0,
      "37": 5,
      "38": 5,
      "39": 5,
      "40": 3,
      "41": 2,
      "42": 0,
      "43": 2,
      "44": 2,
      "45": 2,
      "47": 2,
      "48": 2,
      "49": 2,
      "50": 2,
      "51": 2,
      "52": 2,
      "53": 2,
      "54": 2,
      "55": 2,
      "56": 2,
      "57": 2,
      "58": 2,
      "59": 2,
      "60": 2,
      "61": 2,
      "62": 2,
      "63": 2,
      "64": 2,
      "65": 2,
      "67": 0,
      "69": 5,
      "71": 5,
      "73": 1
    },
    "branchMap": {
      "0": {
        "type": "branch",
        "line": 13,
        "loc": {
          "start": { "line": 13, "column": 26 },
          "end": { "line": 72, "column": 2 }
        },
        "locations": [
          {
            "start": { "line": 13, "column": 26 },
            "end": { "line": 72, "column": 2 }
          }
        ]
      },
      "1": {
        "type": "branch",
        "line": 40,
        "loc": {
          "start": { "line": 40, "column": 7 },
          "end": { "line": 41, "column": 18 }
        },
        "locations": [
          {
            "start": { "line": 40, "column": 7 },
            "end": { "line": 41, "column": 18 }
          }
        ]
      },
      "2": {
        "type": "branch",
        "line": 41,
        "loc": {
          "start": { "line": 41, "column": 16 },
          "end": { "line": 68, "column": 27 }
        },
        "locations": [
          {
            "start": { "line": 41, "column": 16 },
            "end": { "line": 68, "column": 27 }
          }
        ]
      },
      "3": {
        "type": "branch",
        "line": 42,
        "loc": {
          "start": { "line": 42, "column": 10 },
          "end": { "line": 43, "column": 46 }
        },
        "locations": [
          {
            "start": { "line": 42, "column": 10 },
            "end": { "line": 43, "column": 46 }
          }
        ]
      },
      "4": {
        "type": "branch",
        "line": 66,
        "loc": {
          "start": { "line": 66, "column": 8 },
          "end": { "line": 68, "column": 27 }
        },
        "locations": [
          {
            "start": { "line": 66, "column": 8 },
            "end": { "line": 68, "column": 27 }
          }
        ]
      },
      "5": {
        "type": "branch",
        "line": 20,
        "loc": {
          "start": { "line": 20, "column": 4 },
          "end": { "line": 20, "column": 53 }
        },
        "locations": [
          {
            "start": { "line": 20, "column": 4 },
            "end": { "line": 20, "column": 53 }
          }
        ]
      },
      "6": {
        "type": "branch",
        "line": 26,
        "loc": {
          "start": { "line": 26, "column": 12 },
          "end": { "line": 31, "column": 5 }
        },
        "locations": [
          {
            "start": { "line": 26, "column": 12 },
            "end": { "line": 31, "column": 5 }
          }
        ]
      },
      "7": {
        "type": "branch",
        "line": 28,
        "loc": {
          "start": { "line": 28, "column": 14 },
          "end": { "line": 30, "column": 5 }
        },
        "locations": [
          {
            "start": { "line": 28, "column": 14 },
            "end": { "line": 30, "column": 5 }
          }
        ]
      }
    },
    "b": {
      "0": [5],
      "1": [3],
      "2": [2],
      "3": [0],
      "4": [0],
      "5": [13],
      "6": [3],
      "7": [1]
    },
    "fnMap": {
      "0": {
        "name": "Details",
        "decl": {
          "start": { "line": 13, "column": 26 },
          "end": { "line": 72, "column": 2 }
        },
        "loc": {
          "start": { "line": 13, "column": 26 },
          "end": { "line": 72, "column": 2 }
        },
        "line": 13
      },
      "1": {
        "name": "handleCloseDetails",
        "decl": {
          "start": { "line": 33, "column": 29 },
          "end": { "line": 36, "column": 4 }
        },
        "loc": {
          "start": { "line": 33, "column": 29 },
          "end": { "line": 36, "column": 4 }
        },
        "line": 33
      }
    },
    "f": { "0": 5, "1": 0 }
  },
  "C:\\Users\\boris\\Desktop\\rsschoolcourse\\src\\components\\ErrorBoundary\\ErrorBoundary.tsx": {
    "path": "C:\\Users\\boris\\Desktop\\rsschoolcourse\\src\\components\\ErrorBoundary\\ErrorBoundary.tsx",
    "all": false,
    "statementMap": {
      "0": {
        "start": { "line": 1, "column": 0 },
        "end": { "line": 1, "column": 26 }
      },
      "1": {
        "start": { "line": 2, "column": 0 },
        "end": { "line": 2, "column": 56 }
      },
      "11": {
        "start": { "line": 12, "column": 0 },
        "end": { "line": 12, "column": 53 }
      },
      "12": {
        "start": { "line": 13, "column": 0 },
        "end": { "line": 13, "column": 25 }
      },
      "13": {
        "start": { "line": 14, "column": 0 },
        "end": { "line": 14, "column": 20 }
      },
      "14": {
        "start": { "line": 15, "column": 0 },
        "end": { "line": 15, "column": 4 }
      },
      "16": {
        "start": { "line": 17, "column": 0 },
        "end": { "line": 17, "column": 51 }
      },
      "17": {
        "start": { "line": 18, "column": 0 },
        "end": { "line": 18, "column": 30 }
      },
      "18": {
        "start": { "line": 19, "column": 0 },
        "end": { "line": 19, "column": 3 }
      },
      "20": {
        "start": { "line": 21, "column": 0 },
        "end": { "line": 21, "column": 64 }
      },
      "21": {
        "start": { "line": 22, "column": 0 },
        "end": { "line": 22, "column": 55 }
      },
      "22": {
        "start": { "line": 23, "column": 0 },
        "end": { "line": 23, "column": 3 }
      },
      "24": {
        "start": { "line": 25, "column": 0 },
        "end": { "line": 25, "column": 30 }
      },
      "25": {
        "start": { "line": 26, "column": 0 },
        "end": { "line": 26, "column": 22 }
      },
      "26": {
        "start": { "line": 27, "column": 0 },
        "end": { "line": 27, "column": 4 }
      },
      "28": {
        "start": { "line": 29, "column": 0 },
        "end": { "line": 29, "column": 19 }
      },
      "29": {
        "start": { "line": 30, "column": 0 },
        "end": { "line": 30, "column": 30 }
      },
      "30": {
        "start": { "line": 31, "column": 0 },
        "end": { "line": 31, "column": 14 }
      },
      "31": {
        "start": { "line": 32, "column": 0 },
        "end": { "line": 32, "column": 12 }
      },
      "32": {
        "start": { "line": 33, "column": 0 },
        "end": { "line": 33, "column": 18 }
      },
      "33": {
        "start": { "line": 34, "column": 0 },
        "end": { "line": 34, "column": 39 }
      },
      "34": {
        "start": { "line": 35, "column": 0 },
        "end": { "line": 35, "column": 28 }
      },
      "35": {
        "start": { "line": 36, "column": 0 },
        "end": { "line": 36, "column": 28 }
      },
      "36": {
        "start": { "line": 37, "column": 0 },
        "end": { "line": 37, "column": 27 }
      },
      "37": {
        "start": { "line": 38, "column": 0 },
        "end": { "line": 38, "column": 36 }
      },
      "38": {
        "start": { "line": 39, "column": 0 },
        "end": { "line": 39, "column": 37 }
      },
      "39": {
        "start": { "line": 40, "column": 0 },
        "end": { "line": 40, "column": 33 }
      },
      "40": {
        "start": { "line": 41, "column": 0 },
        "end": { "line": 41, "column": 12 }
      },
      "42": {
        "start": { "line": 43, "column": 0 },
        "end": { "line": 43, "column": 80 }
      },
      "43": {
        "start": { "line": 44, "column": 0 },
        "end": { "line": 44, "column": 66 }
      },
      "44": {
        "start": { "line": 45, "column": 0 },
        "end": { "line": 45, "column": 14 }
      },
      "46": {
        "start": { "line": 47, "column": 0 },
        "end": { "line": 47, "column": 5 }
      },
      "48": {
        "start": { "line": 49, "column": 0 },
        "end": { "line": 49, "column": 31 }
      },
      "49": {
        "start": { "line": 50, "column": 0 },
        "end": { "line": 50, "column": 3 }
      },
      "50": {
        "start": { "line": 51, "column": 0 },
        "end": { "line": 51, "column": 1 }
      },
      "52": {
        "start": { "line": 53, "column": 0 },
        "end": { "line": 53, "column": 29 }
      }
    },
    "s": {
      "0": 1,
      "1": 1,
      "11": 4,
      "12": 4,
      "13": 4,
      "14": 4,
      "16": 4,
      "17": 4,
      "18": 4,
      "20": 4,
      "21": 2,
      "22": 2,
      "24": 4,
      "25": 1,
      "26": 1,
      "28": 4,
      "29": 8,
      "30": 4,
      "31": 4,
      "32": 4,
      "33": 4,
      "34": 4,
      "35": 4,
      "36": 4,
      "37": 4,
      "38": 4,
      "39": 4,
      "40": 4,
      "42": 4,
      "43": 4,
      "44": 4,
      "46": 4,
      "48": 4,
      "49": 8,
      "50": 4,
      "52": 1
    },
    "branchMap": {
      "0": {
        "type": "branch",
        "line": 12,
        "loc": {
          "start": { "line": 12, "column": 0 },
          "end": { "line": 51, "column": 1 }
        },
        "locations": [
          {
            "start": { "line": 12, "column": 0 },
            "end": { "line": 51, "column": 1 }
          }
        ]
      },
      "1": {
        "type": "branch",
        "line": 17,
        "loc": {
          "start": { "line": 17, "column": 16 },
          "end": { "line": 19, "column": 3 }
        },
        "locations": [
          {
            "start": { "line": 17, "column": 16 },
            "end": { "line": 19, "column": 3 }
          }
        ]
      },
      "2": {
        "type": "branch",
        "line": 21,
        "loc": {
          "start": { "line": 21, "column": 9 },
          "end": { "line": 23, "column": 3 }
        },
        "locations": [
          {
            "start": { "line": 21, "column": 9 },
            "end": { "line": 23, "column": 3 }
          }
        ]
      },
      "3": {
        "type": "branch",
        "line": 25,
        "loc": {
          "start": { "line": 25, "column": 23 },
          "end": { "line": 27, "column": 4 }
        },
        "locations": [
          {
            "start": { "line": 25, "column": 23 },
            "end": { "line": 27, "column": 4 }
          }
        ]
      },
      "4": {
        "type": "branch",
        "line": 29,
        "loc": {
          "start": { "line": 29, "column": 9 },
          "end": { "line": 50, "column": 3 }
        },
        "locations": [
          {
            "start": { "line": 29, "column": 9 },
            "end": { "line": 50, "column": 3 }
          }
        ]
      },
      "5": {
        "type": "branch",
        "line": 30,
        "loc": {
          "start": { "line": 30, "column": 29 },
          "end": { "line": 49, "column": 31 }
        },
        "locations": [
          {
            "start": { "line": 30, "column": 29 },
            "end": { "line": 49, "column": 31 }
          }
        ]
      }
    },
    "b": { "0": [4], "1": [4], "2": [2], "3": [1], "4": [8], "5": [4] },
    "fnMap": {
      "0": {
        "name": "<instance_members_initializer>",
        "decl": {
          "start": { "line": 12, "column": 0 },
          "end": { "line": 51, "column": 1 }
        },
        "loc": {
          "start": { "line": 12, "column": 0 },
          "end": { "line": 51, "column": 1 }
        },
        "line": 12
      },
      "1": {
        "name": "getDerivedStateFromError",
        "decl": {
          "start": { "line": 17, "column": 16 },
          "end": { "line": 19, "column": 3 }
        },
        "loc": {
          "start": { "line": 17, "column": 16 },
          "end": { "line": 19, "column": 3 }
        },
        "line": 17
      },
      "2": {
        "name": "componentDidCatch",
        "decl": {
          "start": { "line": 21, "column": 9 },
          "end": { "line": 23, "column": 3 }
        },
        "loc": {
          "start": { "line": 21, "column": 9 },
          "end": { "line": 23, "column": 3 }
        },
        "line": 21
      },
      "3": {
        "name": "handleRetry",
        "decl": {
          "start": { "line": 25, "column": 23 },
          "end": { "line": 27, "column": 4 }
        },
        "loc": {
          "start": { "line": 25, "column": 23 },
          "end": { "line": 27, "column": 4 }
        },
        "line": 25
      },
      "4": {
        "name": "render",
        "decl": {
          "start": { "line": 29, "column": 9 },
          "end": { "line": 50, "column": 3 }
        },
        "loc": {
          "start": { "line": 29, "column": 9 },
          "end": { "line": 50, "column": 3 }
        },
        "line": 29
      }
    },
    "f": { "0": 4, "1": 4, "2": 2, "3": 1, "4": 8 }
  },
  "C:\\Users\\boris\\Desktop\\rsschoolcourse\\src\\components\\FlyoutBar\\FlyoutBar.tsx": {
    "path": "C:\\Users\\boris\\Desktop\\rsschoolcourse\\src\\components\\FlyoutBar\\FlyoutBar.tsx",
    "all": false,
    "statementMap": {
      "0": {
        "start": { "line": 1, "column": 0 },
        "end": { "line": 1, "column": 26 }
      },
      "1": {
        "start": { "line": 2, "column": 0 },
        "end": { "line": 2, "column": 42 }
      },
      "2": {
        "start": { "line": 3, "column": 0 },
        "end": { "line": 3, "column": 51 }
      },
      "3": {
        "start": { "line": 4, "column": 0 },
        "end": { "line": 4, "column": 85 }
      },
      "4": {
        "start": { "line": 5, "column": 0 },
        "end": { "line": 5, "column": 44 }
      },
      "6": {
        "start": { "line": 7, "column": 0 },
        "end": { "line": 7, "column": 35 }
      },
      "7": {
        "start": { "line": 8, "column": 0 },
        "end": { "line": 8, "column": 33 }
      },
      "8": {
        "start": { "line": 9, "column": 0 },
        "end": { "line": 9, "column": 44 }
      },
      "9": {
        "start": { "line": 10, "column": 0 },
        "end": { "line": 10, "column": 59 }
      },
      "10": {
        "start": { "line": 11, "column": 0 },
        "end": { "line": 11, "column": 4 }
      },
      "11": {
        "start": { "line": 12, "column": 0 },
        "end": { "line": 12, "column": 35 }
      },
      "12": {
        "start": { "line": 13, "column": 0 },
        "end": { "line": 13, "column": 38 }
      },
      "13": {
        "start": { "line": 14, "column": 0 },
        "end": { "line": 14, "column": 4 }
      },
      "15": {
        "start": { "line": 16, "column": 0 },
        "end": { "line": 16, "column": 32 }
      },
      "16": {
        "start": { "line": 17, "column": 0 },
        "end": { "line": 17, "column": 48 }
      },
      "18": {
        "start": { "line": 19, "column": 0 },
        "end": { "line": 19, "column": 57 }
      },
      "19": {
        "start": { "line": 20, "column": 0 },
        "end": { "line": 20, "column": 27 }
      },
      "20": {
        "start": { "line": 21, "column": 0 },
        "end": { "line": 21, "column": 32 }
      },
      "22": {
        "start": { "line": 23, "column": 0 },
        "end": { "line": 23, "column": 42 }
      },
      "23": {
        "start": { "line": 24, "column": 0 },
        "end": { "line": 24, "column": 44 }
      },
      "24": {
        "start": { "line": 25, "column": 0 },
        "end": { "line": 25, "column": 7 }
      },
      "26": {
        "start": { "line": 27, "column": 0 },
        "end": { "line": 27, "column": 24 }
      },
      "27": {
        "start": { "line": 28, "column": 0 },
        "end": { "line": 28, "column": 34 }
      },
      "28": {
        "start": { "line": 29, "column": 0 },
        "end": { "line": 29, "column": 41 }
      },
      "29": {
        "start": { "line": 30, "column": 0 },
        "end": { "line": 30, "column": 7 }
      },
      "31": {
        "start": { "line": 32, "column": 0 },
        "end": { "line": 32, "column": 77 }
      },
      "32": {
        "start": { "line": 33, "column": 0 },
        "end": { "line": 33, "column": 37 }
      },
      "33": {
        "start": { "line": 34, "column": 0 },
        "end": { "line": 34, "column": 4 }
      },
      "35": {
        "start": { "line": 36, "column": 0 },
        "end": { "line": 36, "column": 38 }
      },
      "36": {
        "start": { "line": 37, "column": 0 },
        "end": { "line": 37, "column": 12 }
      },
      "37": {
        "start": { "line": 38, "column": 0 },
        "end": { "line": 38, "column": 37 }
      },
      "38": {
        "start": { "line": 39, "column": 0 },
        "end": { "line": 39, "column": 76 }
      },
      "40": {
        "start": { "line": 41, "column": 0 },
        "end": { "line": 41, "column": 17 }
      },
      "41": {
        "start": { "line": 42, "column": 0 },
        "end": { "line": 42, "column": 38 }
      },
      "42": {
        "start": { "line": 43, "column": 0 },
        "end": { "line": 43, "column": 56 }
      },
      "43": {
        "start": { "line": 44, "column": 0 },
        "end": { "line": 44, "column": 12 }
      },
      "44": {
        "start": { "line": 45, "column": 0 },
        "end": { "line": 45, "column": 10 }
      },
      "45": {
        "start": { "line": 46, "column": 0 },
        "end": { "line": 46, "column": 43 }
      },
      "46": {
        "start": { "line": 47, "column": 0 },
        "end": { "line": 47, "column": 33 }
      },
      "47": {
        "start": { "line": 48, "column": 0 },
        "end": { "line": 48, "column": 74 }
      },
      "48": {
        "start": { "line": 49, "column": 0 },
        "end": { "line": 49, "column": 9 }
      },
      "50": {
        "start": { "line": 51, "column": 0 },
        "end": { "line": 51, "column": 12 }
      },
      "51": {
        "start": { "line": 52, "column": 0 },
        "end": { "line": 52, "column": 12 }
      },
      "53": {
        "start": { "line": 54, "column": 0 },
        "end": { "line": 54, "column": 3 }
      },
      "54": {
        "start": { "line": 55, "column": 0 },
        "end": { "line": 55, "column": 2 }
      },
      "56": {
        "start": { "line": 57, "column": 0 },
        "end": { "line": 57, "column": 25 }
      }
    },
    "s": {
      "0": 1,
      "1": 1,
      "2": 1,
      "3": 1,
      "4": 1,
      "6": 1,
      "7": 3,
      "8": 3,
      "9": 3,
      "10": 3,
      "11": 3,
      "12": 0,
      "13": 0,
      "15": 3,
      "16": 0,
      "18": 0,
      "19": 0,
      "20": 0,
      "22": 0,
      "23": 0,
      "24": 0,
      "26": 0,
      "27": 0,
      "28": 0,
      "29": 0,
      "31": 0,
      "32": 0,
      "33": 0,
      "35": 3,
      "36": 0,
      "37": 0,
      "38": 0,
      "40": 0,
      "41": 0,
      "42": 0,
      "43": 0,
      "44": 0,
      "45": 0,
      "46": 0,
      "47": 0,
      "48": 0,
      "50": 0,
      "51": 0,
      "53": 0,
      "54": 3,
      "56": 1
    },
    "branchMap": {
      "0": {
        "type": "branch",
        "line": 7,
        "loc": {
          "start": { "line": 7, "column": 28 },
          "end": { "line": 55, "column": 2 }
        },
        "locations": [
          {
            "start": { "line": 7, "column": 28 },
            "end": { "line": 55, "column": 2 }
          }
        ]
      },
      "1": {
        "type": "branch",
        "line": 36,
        "loc": {
          "start": { "line": 36, "column": 37 },
          "end": { "line": 54, "column": 3 }
        },
        "locations": [
          {
            "start": { "line": 36, "column": 37 },
            "end": { "line": 54, "column": 3 }
          }
        ]
      },
      "2": {
        "type": "branch",
        "line": 10,
        "loc": {
          "start": { "line": 10, "column": 4 },
          "end": { "line": 10, "column": 59 }
        },
        "locations": [
          {
            "start": { "line": 10, "column": 4 },
            "end": { "line": 10, "column": 59 }
          }
        ]
      }
    },
    "b": { "0": [3], "1": [0], "2": [5] },
    "fnMap": {
      "0": {
        "name": "FlyoutBar",
        "decl": {
          "start": { "line": 7, "column": 28 },
          "end": { "line": 55, "column": 2 }
        },
        "loc": {
          "start": { "line": 7, "column": 28 },
          "end": { "line": 55, "column": 2 }
        },
        "line": 7
      },
      "1": {
        "name": "handleUnselectAll",
        "decl": {
          "start": { "line": 12, "column": 28 },
          "end": { "line": 14, "column": 4 }
        },
        "loc": {
          "start": { "line": 12, "column": 28 },
          "end": { "line": 14, "column": 4 }
        },
        "line": 12
      },
      "2": {
        "name": "handleDownload",
        "decl": {
          "start": { "line": 16, "column": 25 },
          "end": { "line": 34, "column": 4 }
        },
        "loc": {
          "start": { "line": 16, "column": 25 },
          "end": { "line": 34, "column": 4 }
        },
        "line": 16
      }
    },
    "f": { "0": 3, "1": 0, "2": 0 }
  },
  "C:\\Users\\boris\\Desktop\\rsschoolcourse\\src\\components\\Loader\\Loader.tsx": {
    "path": "C:\\Users\\boris\\Desktop\\rsschoolcourse\\src\\components\\Loader\\Loader.tsx",
    "all": false,
    "statementMap": {
      "0": {
        "start": { "line": 1, "column": 0 },
        "end": { "line": 1, "column": 26 }
      },
      "1": {
        "start": { "line": 2, "column": 0 },
        "end": { "line": 2, "column": 41 }
      },
      "3": {
        "start": { "line": 4, "column": 0 },
        "end": { "line": 4, "column": 32 }
      },
      "4": {
        "start": { "line": 5, "column": 0 },
        "end": { "line": 5, "column": 10 }
      },
      "5": {
        "start": { "line": 6, "column": 0 },
        "end": { "line": 6, "column": 8 }
      },
      "6": {
        "start": { "line": 7, "column": 0 },
        "end": { "line": 7, "column": 26 }
      },
      "7": {
        "start": { "line": 8, "column": 0 },
        "end": { "line": 8, "column": 38 }
      },
      "8": {
        "start": { "line": 9, "column": 0 },
        "end": { "line": 9, "column": 37 }
      },
      "10": {
        "start": { "line": 11, "column": 0 },
        "end": { "line": 11, "column": 10 }
      },
      "11": {
        "start": { "line": 12, "column": 0 },
        "end": { "line": 12, "column": 38 }
      },
      "12": {
        "start": { "line": 13, "column": 0 },
        "end": { "line": 13, "column": 36 }
      },
      "13": {
        "start": { "line": 14, "column": 0 },
        "end": { "line": 14, "column": 24 }
      },
      "14": {
        "start": { "line": 15, "column": 0 },
        "end": { "line": 15, "column": 8 }
      },
      "15": {
        "start": { "line": 16, "column": 0 },
        "end": { "line": 16, "column": 10 }
      },
      "17": {
        "start": { "line": 18, "column": 0 },
        "end": { "line": 18, "column": 2 }
      },
      "19": {
        "start": { "line": 20, "column": 0 },
        "end": { "line": 20, "column": 22 }
      }
    },
    "s": {
      "0": 1,
      "1": 1,
      "3": 1,
      "4": 3,
      "5": 3,
      "6": 3,
      "7": 3,
      "8": 3,
      "10": 3,
      "11": 3,
      "12": 3,
      "13": 3,
      "14": 3,
      "15": 3,
      "17": 3,
      "19": 1
    },
    "branchMap": {
      "0": {
        "type": "branch",
        "line": 4,
        "loc": {
          "start": { "line": 4, "column": 25 },
          "end": { "line": 18, "column": 2 }
        },
        "locations": [
          {
            "start": { "line": 4, "column": 25 },
            "end": { "line": 18, "column": 2 }
          }
        ]
      }
    },
    "b": { "0": [3] },
    "fnMap": {
      "0": {
        "name": "Loader",
        "decl": {
          "start": { "line": 4, "column": 25 },
          "end": { "line": 18, "column": 2 }
        },
        "loc": {
          "start": { "line": 4, "column": 25 },
          "end": { "line": 18, "column": 2 }
        },
        "line": 4
      }
    },
    "f": { "0": 3 }
  },
  "C:\\Users\\boris\\Desktop\\rsschoolcourse\\src\\components\\Main\\Main.tsx": {
    "path": "C:\\Users\\boris\\Desktop\\rsschoolcourse\\src\\components\\Main\\Main.tsx",
    "all": false,
    "statementMap": {
      "0": {
        "start": { "line": 1, "column": 0 },
        "end": { "line": 1, "column": 41 }
      },
      "1": {
        "start": { "line": 2, "column": 0 },
        "end": { "line": 2, "column": 54 }
      },
      "2": {
        "start": { "line": 3, "column": 0 },
        "end": { "line": 3, "column": 59 }
      },
      "3": {
        "start": { "line": 4, "column": 0 },
        "end": { "line": 4, "column": 39 }
      },
      "4": {
        "start": { "line": 5, "column": 0 },
        "end": { "line": 5, "column": 50 }
      },
      "5": {
        "start": { "line": 6, "column": 0 },
        "end": { "line": 6, "column": 63 }
      },
      "6": {
        "start": { "line": 7, "column": 0 },
        "end": { "line": 7, "column": 47 }
      },
      "7": {
        "start": { "line": 8, "column": 0 },
        "end": { "line": 8, "column": 59 }
      },
      "8": {
        "start": { "line": 9, "column": 0 },
        "end": { "line": 9, "column": 44 }
      },
      "9": {
        "start": { "line": 10, "column": 0 },
        "end": { "line": 10, "column": 69 }
      },
      "10": {
        "start": { "line": 11, "column": 0 },
        "end": { "line": 11, "column": 42 }
      },
      "11": {
        "start": { "line": 12, "column": 0 },
        "end": { "line": 12, "column": 40 }
      },
      "12": {
        "start": { "line": 13, "column": 0 },
        "end": { "line": 13, "column": 38 }
      },
      "14": {
        "start": { "line": 15, "column": 0 },
        "end": { "line": 15, "column": 77 }
      },
      "15": {
        "start": { "line": 16, "column": 0 },
        "end": { "line": 16, "column": 54 }
      },
      "16": {
        "start": { "line": 17, "column": 0 },
        "end": { "line": 17, "column": 32 }
      },
      "17": {
        "start": { "line": 18, "column": 0 },
        "end": { "line": 18, "column": 66 }
      },
      "18": {
        "start": { "line": 19, "column": 0 },
        "end": { "line": 19, "column": 44 }
      },
      "20": {
        "start": { "line": 21, "column": 0 },
        "end": { "line": 21, "column": 58 }
      },
      "21": {
        "start": { "line": 22, "column": 0 },
        "end": { "line": 22, "column": 21 }
      },
      "22": {
        "start": { "line": 23, "column": 0 },
        "end": { "line": 23, "column": 22 }
      },
      "23": {
        "start": { "line": 24, "column": 0 },
        "end": { "line": 24, "column": 5 }
      },
      "25": {
        "start": { "line": 26, "column": 0 },
        "end": { "line": 26, "column": 31 }
      },
      "26": {
        "start": { "line": 27, "column": 0 },
        "end": { "line": 27, "column": 33 }
      },
      "28": {
        "start": { "line": 29, "column": 0 },
        "end": { "line": 29, "column": 19 }
      },
      "29": {
        "start": { "line": 30, "column": 0 },
        "end": { "line": 30, "column": 15 }
      },
      "30": {
        "start": { "line": 31, "column": 0 },
        "end": { "line": 31, "column": 15 }
      },
      "31": {
        "start": { "line": 32, "column": 0 },
        "end": { "line": 32, "column": 23 }
      },
      "32": {
        "start": { "line": 33, "column": 0 },
        "end": { "line": 33, "column": 35 }
      },
      "33": {
        "start": { "line": 34, "column": 0 },
        "end": { "line": 34, "column": 22 }
      },
      "34": {
        "start": { "line": 35, "column": 0 },
        "end": { "line": 35, "column": 38 }
      },
      "35": {
        "start": { "line": 36, "column": 0 },
        "end": { "line": 36, "column": 11 }
      },
      "36": {
        "start": { "line": 37, "column": 0 },
        "end": { "line": 37, "column": 8 }
      },
      "37": {
        "start": { "line": 38, "column": 0 },
        "end": { "line": 38, "column": 5 }
      },
      "38": {
        "start": { "line": 39, "column": 0 },
        "end": { "line": 39, "column": 36 }
      },
      "40": {
        "start": { "line": 41, "column": 0 },
        "end": { "line": 41, "column": 10 }
      },
      "41": {
        "start": { "line": 42, "column": 0 },
        "end": { "line": 42, "column": 52 }
      },
      "42": {
        "start": { "line": 43, "column": 0 },
        "end": { "line": 43, "column": 41 }
      },
      "43": {
        "start": { "line": 44, "column": 0 },
        "end": { "line": 44, "column": 12 }
      },
      "44": {
        "start": { "line": 45, "column": 0 },
        "end": { "line": 45, "column": 33 }
      },
      "45": {
        "start": { "line": 46, "column": 0 },
        "end": { "line": 46, "column": 38 }
      },
      "46": {
        "start": { "line": 47, "column": 0 },
        "end": { "line": 47, "column": 26 }
      },
      "47": {
        "start": { "line": 48, "column": 0 },
        "end": { "line": 48, "column": 10 }
      },
      "48": {
        "start": { "line": 49, "column": 0 },
        "end": { "line": 49, "column": 43 }
      },
      "49": {
        "start": { "line": 50, "column": 0 },
        "end": { "line": 50, "column": 25 }
      },
      "50": {
        "start": { "line": 51, "column": 0 },
        "end": { "line": 51, "column": 12 }
      },
      "51": {
        "start": { "line": 52, "column": 0 },
        "end": { "line": 52, "column": 42 }
      },
      "52": {
        "start": { "line": 53, "column": 0 },
        "end": { "line": 53, "column": 44 }
      },
      "53": {
        "start": { "line": 54, "column": 0 },
        "end": { "line": 54, "column": 24 }
      },
      "54": {
        "start": { "line": 55, "column": 0 },
        "end": { "line": 55, "column": 27 }
      },
      "55": {
        "start": { "line": 56, "column": 0 },
        "end": { "line": 56, "column": 23 }
      },
      "56": {
        "start": { "line": 57, "column": 0 },
        "end": { "line": 57, "column": 14 }
      },
      "57": {
        "start": { "line": 58, "column": 0 },
        "end": { "line": 58, "column": 22 }
      },
      "58": {
        "start": { "line": 59, "column": 0 },
        "end": { "line": 59, "column": 62 }
      },
      "60": {
        "start": { "line": 61, "column": 0 },
        "end": { "line": 61, "column": 15 }
      },
      "62": {
        "start": { "line": 63, "column": 0 },
        "end": { "line": 63, "column": 12 }
      },
      "63": {
        "start": { "line": 64, "column": 0 },
        "end": { "line": 64, "column": 10 }
      },
      "65": {
        "start": { "line": 66, "column": 0 },
        "end": { "line": 66, "column": 2 }
      },
      "67": {
        "start": { "line": 68, "column": 0 },
        "end": { "line": 68, "column": 24 }
      }
    },
    "s": {
      "0": 1,
      "1": 1,
      "2": 1,
      "3": 1,
      "4": 1,
      "5": 1,
      "6": 1,
      "7": 1,
      "8": 1,
      "9": 1,
      "10": 1,
      "11": 1,
      "12": 1,
      "14": 1,
      "15": 3,
      "16": 3,
      "17": 3,
      "18": 3,
      "20": 3,
      "21": 3,
      "22": 3,
      "23": 3,
      "25": 3,
      "26": 3,
      "28": 3,
      "29": 2,
      "30": 0,
      "31": 0,
      "32": 0,
      "33": 0,
      "34": 0,
      "35": 0,
      "36": 0,
      "37": 0,
      "38": 3,
      "40": 3,
      "41": 3,
      "42": 3,
      "43": 3,
      "44": 3,
      "45": 3,
      "46": 3,
      "47": 3,
      "48": 3,
      "49": 3,
      "50": 3,
      "51": 3,
      "52": 3,
      "53": 3,
      "54": 3,
      "55": 3,
      "56": 3,
      "57": 3,
      "58": 1,
      "60": 2,
      "62": 3,
      "63": 3,
      "65": 3,
      "67": 1
    },
    "branchMap": {
      "0": {
        "type": "branch",
        "line": 15,
        "loc": {
          "start": { "line": 15, "column": 58 },
          "end": { "line": 66, "column": 2 }
        },
        "locations": [
          {
            "start": { "line": 15, "column": 58 },
            "end": { "line": 66, "column": 2 }
          }
        ]
      },
      "1": {
        "type": "branch",
        "line": 58,
        "loc": {
          "start": { "line": 58, "column": 9 },
          "end": { "line": 59, "column": 62 }
        },
        "locations": [
          {
            "start": { "line": 58, "column": 9 },
            "end": { "line": 59, "column": 62 }
          }
        ]
      },
      "2": {
        "type": "branch",
        "line": 59,
        "loc": {
          "start": { "line": 59, "column": 56 },
          "end": { "line": 61, "column": 15 }
        },
        "locations": [
          {
            "start": { "line": 59, "column": 56 },
            "end": { "line": 61, "column": 15 }
          }
        ]
      },
      "3": {
        "type": "branch",
        "line": 29,
        "loc": {
          "start": { "line": 29, "column": 12 },
          "end": { "line": 39, "column": 5 }
        },
        "locations": [
          {
            "start": { "line": 29, "column": 12 },
            "end": { "line": 39, "column": 5 }
          }
        ]
      },
      "4": {
        "type": "branch",
        "line": 30,
        "loc": {
          "start": { "line": 30, "column": 14 },
          "end": { "line": 38, "column": 5 }
        },
        "locations": [
          {
            "start": { "line": 30, "column": 14 },
            "end": { "line": 38, "column": 5 }
          }
        ]
      }
    },
    "b": { "0": [3], "1": [1], "2": [2], "3": [2], "4": [0] },
    "fnMap": {
      "0": {
        "name": "MainPage",
        "decl": {
          "start": { "line": 15, "column": 58 },
          "end": { "line": 66, "column": 2 }
        },
        "loc": {
          "start": { "line": 15, "column": 58 },
          "end": { "line": 66, "column": 2 }
        },
        "line": 15
      }
    },
    "f": { "0": 3 }
  },
  "C:\\Users\\boris\\Desktop\\rsschoolcourse\\src\\components\\Pagination\\Pagination.tsx": {
    "path": "C:\\Users\\boris\\Desktop\\rsschoolcourse\\src\\components\\Pagination\\Pagination.tsx",
    "all": false,
    "statementMap": {
      "0": {
        "start": { "line": 1, "column": 0 },
        "end": { "line": 1, "column": 26 }
      },
      "1": {
        "start": { "line": 2, "column": 0 },
        "end": { "line": 2, "column": 45 }
      },
      "2": {
        "start": { "line": 3, "column": 0 },
        "end": { "line": 3, "column": 51 }
      },
      "3": {
        "start": { "line": 4, "column": 0 },
        "end": { "line": 4, "column": 42 }
      },
      "4": {
        "start": { "line": 5, "column": 0 },
        "end": { "line": 5, "column": 69 }
      },
      "5": {
        "start": { "line": 6, "column": 0 },
        "end": { "line": 6, "column": 40 }
      },
      "6": {
        "start": { "line": 7, "column": 0 },
        "end": { "line": 7, "column": 29 }
      },
      "8": {
        "start": { "line": 9, "column": 0 },
        "end": { "line": 9, "column": 36 }
      },
      "9": {
        "start": { "line": 10, "column": 0 },
        "end": { "line": 10, "column": 33 }
      },
      "10": {
        "start": { "line": 11, "column": 0 },
        "end": { "line": 11, "column": 29 }
      },
      "11": {
        "start": { "line": 12, "column": 0 },
        "end": { "line": 12, "column": 53 }
      },
      "12": {
        "start": { "line": 13, "column": 0 },
        "end": { "line": 13, "column": 32 }
      },
      "13": {
        "start": { "line": 14, "column": 0 },
        "end": { "line": 14, "column": 4 }
      },
      "15": {
        "start": { "line": 16, "column": 0 },
        "end": { "line": 16, "column": 22 }
      },
      "16": {
        "start": { "line": 17, "column": 0 },
        "end": { "line": 17, "column": 19 }
      },
      "18": {
        "start": { "line": 19, "column": 0 },
        "end": { "line": 19, "column": 71 }
      },
      "19": {
        "start": { "line": 20, "column": 0 },
        "end": { "line": 20, "column": 66 }
      },
      "21": {
        "start": { "line": 22, "column": 0 },
        "end": { "line": 22, "column": 44 }
      },
      "22": {
        "start": { "line": 23, "column": 0 },
        "end": { "line": 23, "column": 53 }
      },
      "23": {
        "start": { "line": 24, "column": 0 },
        "end": { "line": 24, "column": 3 }
      },
      "25": {
        "start": { "line": 26, "column": 0 },
        "end": { "line": 26, "column": 46 }
      },
      "26": {
        "start": { "line": 27, "column": 0 },
        "end": { "line": 27, "column": 18 }
      },
      "27": {
        "start": { "line": 28, "column": 0 },
        "end": { "line": 28, "column": 3 }
      },
      "29": {
        "start": { "line": 30, "column": 0 },
        "end": { "line": 30, "column": 46 }
      },
      "30": {
        "start": { "line": 31, "column": 0 },
        "end": { "line": 31, "column": 79 }
      },
      "31": {
        "start": { "line": 32, "column": 0 },
        "end": { "line": 32, "column": 60 }
      },
      "32": {
        "start": { "line": 33, "column": 0 },
        "end": { "line": 33, "column": 4 }
      },
      "34": {
        "start": { "line": 35, "column": 0 },
        "end": { "line": 35, "column": 10 }
      },
      "35": {
        "start": { "line": 36, "column": 0 },
        "end": { "line": 36, "column": 39 }
      },
      "36": {
        "start": { "line": 37, "column": 0 },
        "end": { "line": 37, "column": 27 }
      },
      "37": {
        "start": { "line": 38, "column": 0 },
        "end": { "line": 38, "column": 13 }
      },
      "38": {
        "start": { "line": 39, "column": 0 },
        "end": { "line": 39, "column": 70 }
      },
      "39": {
        "start": { "line": 40, "column": 0 },
        "end": { "line": 40, "column": 38 }
      },
      "40": {
        "start": { "line": 41, "column": 0 },
        "end": { "line": 41, "column": 59 }
      },
      "42": {
        "start": { "line": 43, "column": 0 },
        "end": { "line": 43, "column": 15 }
      },
      "43": {
        "start": { "line": 44, "column": 0 },
        "end": { "line": 44, "column": 15 }
      },
      "46": {
        "start": { "line": 47, "column": 0 },
        "end": { "line": 47, "column": 25 }
      },
      "47": {
        "start": { "line": 48, "column": 0 },
        "end": { "line": 48, "column": 10 }
      },
      "48": {
        "start": { "line": 49, "column": 0 },
        "end": { "line": 49, "column": 15 }
      },
      "49": {
        "start": { "line": 50, "column": 0 },
        "end": { "line": 50, "column": 55 }
      },
      "50": {
        "start": { "line": 51, "column": 0 },
        "end": { "line": 51, "column": 35 }
      },
      "51": {
        "start": { "line": 52, "column": 0 },
        "end": { "line": 52, "column": 47 }
      },
      "52": {
        "start": { "line": 53, "column": 0 },
        "end": { "line": 53, "column": 11 }
      },
      "54": {
        "start": { "line": 55, "column": 0 },
        "end": { "line": 55, "column": 17 }
      },
      "55": {
        "start": { "line": 56, "column": 0 },
        "end": { "line": 56, "column": 69 }
      },
      "56": {
        "start": { "line": 57, "column": 0 },
        "end": { "line": 57, "column": 11 }
      },
      "59": {
        "start": { "line": 60, "column": 0 },
        "end": { "line": 60, "column": 28 }
      },
      "60": {
        "start": { "line": 61, "column": 0 },
        "end": { "line": 61, "column": 13 }
      },
      "61": {
        "start": { "line": 62, "column": 0 },
        "end": { "line": 62, "column": 20 }
      },
      "62": {
        "start": { "line": 63, "column": 0 },
        "end": { "line": 63, "column": 59 }
      },
      "63": {
        "start": { "line": 64, "column": 0 },
        "end": { "line": 64, "column": 76 }
      },
      "64": {
        "start": { "line": 65, "column": 0 },
        "end": { "line": 65, "column": 48 }
      },
      "66": {
        "start": { "line": 67, "column": 0 },
        "end": { "line": 67, "column": 16 }
      },
      "67": {
        "start": { "line": 68, "column": 0 },
        "end": { "line": 68, "column": 15 }
      },
      "68": {
        "start": { "line": 69, "column": 0 },
        "end": { "line": 69, "column": 9 }
      },
      "70": {
        "start": { "line": 71, "column": 0 },
        "end": { "line": 71, "column": 32 }
      },
      "71": {
        "start": { "line": 72, "column": 0 },
        "end": { "line": 72, "column": 10 }
      },
      "72": {
        "start": { "line": 73, "column": 0 },
        "end": { "line": 73, "column": 80 }
      },
      "73": {
        "start": { "line": 74, "column": 0 },
        "end": { "line": 74, "column": 15 }
      },
      "74": {
        "start": { "line": 75, "column": 0 },
        "end": { "line": 75, "column": 67 }
      },
      "75": {
        "start": { "line": 76, "column": 0 },
        "end": { "line": 76, "column": 35 }
      },
      "76": {
        "start": { "line": 77, "column": 0 },
        "end": { "line": 77, "column": 56 }
      },
      "78": {
        "start": { "line": 79, "column": 0 },
        "end": { "line": 79, "column": 24 }
      },
      "79": {
        "start": { "line": 80, "column": 0 },
        "end": { "line": 80, "column": 17 }
      },
      "80": {
        "start": { "line": 81, "column": 0 },
        "end": { "line": 81, "column": 11 }
      },
      "83": {
        "start": { "line": 84, "column": 0 },
        "end": { "line": 84, "column": 36 }
      },
      "84": {
        "start": { "line": 85, "column": 0 },
        "end": { "line": 85, "column": 13 }
      },
      "85": {
        "start": { "line": 86, "column": 0 },
        "end": { "line": 86, "column": 70 }
      },
      "86": {
        "start": { "line": 87, "column": 0 },
        "end": { "line": 87, "column": 38 }
      },
      "87": {
        "start": { "line": 88, "column": 0 },
        "end": { "line": 88, "column": 59 }
      },
      "89": {
        "start": { "line": 90, "column": 0 },
        "end": { "line": 90, "column": 15 }
      },
      "90": {
        "start": { "line": 91, "column": 0 },
        "end": { "line": 91, "column": 15 }
      },
      "92": {
        "start": { "line": 93, "column": 0 },
        "end": { "line": 93, "column": 10 }
      },
      "94": {
        "start": { "line": 95, "column": 0 },
        "end": { "line": 95, "column": 2 }
      },
      "96": {
        "start": { "line": 97, "column": 0 },
        "end": { "line": 97, "column": 26 }
      }
    },
    "s": {
      "0": 1,
      "1": 1,
      "2": 1,
      "3": 1,
      "4": 1,
      "5": 1,
      "6": 1,
      "8": 1,
      "9": 3,
      "10": 3,
      "11": 3,
      "12": 3,
      "13": 3,
      "15": 3,
      "16": 3,
      "18": 3,
      "19": 3,
      "21": 3,
      "22": 3,
      "23": 3,
      "25": 3,
      "26": 3,
      "27": 3,
      "29": 3,
      "30": 0,
      "31": 0,
      "32": 0,
      "34": 3,
      "35": 3,
      "36": 3,
      "37": 0,
      "38": 0,
      "39": 0,
      "40": 0,
      "42": 0,
      "43": 0,
      "46": 3,
      "47": 0,
      "48": 0,
      "49": 0,
      "50": 0,
      "51": 0,
      "52": 0,
      "54": 0,
      "55": 0,
      "56": 0,
      "59": 3,
      "60": 3,
      "61": 3,
      "62": 3,
      "63": 3,
      "64": 3,
      "66": 3,
      "67": 3,
      "68": 3,
      "70": 3,
      "71": 0,
      "72": 0,
      "73": 0,
      "74": 0,
      "75": 0,
      "76": 0,
      "78": 0,
      "79": 0,
      "80": 0,
      "83": 3,
      "84": 0,
      "85": 0,
      "86": 0,
      "87": 0,
      "89": 0,
      "90": 0,
      "92": 3,
      "94": 3,
      "96": 1
    },
    "branchMap": {
      "0": {
        "type": "branch",
        "line": 9,
        "loc": {
          "start": { "line": 9, "column": 29 },
          "end": { "line": 95, "column": 2 }
        },
        "locations": [
          {
            "start": { "line": 9, "column": 29 },
            "end": { "line": 95, "column": 2 }
          }
        ]
      },
      "1": {
        "type": "branch",
        "line": 37,
        "loc": {
          "start": { "line": 37, "column": 21 },
          "end": { "line": 44, "column": 15 }
        },
        "locations": [
          {
            "start": { "line": 37, "column": 21 },
            "end": { "line": 44, "column": 15 }
          }
        ]
      },
      "2": {
        "type": "branch",
        "line": 47,
        "loc": {
          "start": { "line": 47, "column": 19 },
          "end": { "line": 57, "column": 11 }
        },
        "locations": [
          {
            "start": { "line": 47, "column": 19 },
            "end": { "line": 57, "column": 11 }
          }
        ]
      },
      "3": {
        "type": "branch",
        "line": 71,
        "loc": {
          "start": { "line": 71, "column": 17 },
          "end": { "line": 81, "column": 11 }
        },
        "locations": [
          {
            "start": { "line": 71, "column": 17 },
            "end": { "line": 81, "column": 11 }
          }
        ]
      },
      "4": {
        "type": "branch",
        "line": 84,
        "loc": {
          "start": { "line": 84, "column": 21 },
          "end": { "line": 91, "column": 15 }
        },
        "locations": [
          {
            "start": { "line": 84, "column": 21 },
            "end": { "line": 91, "column": 15 }
          }
        ]
      },
      "5": {
        "type": "branch",
        "line": 13,
        "loc": {
          "start": { "line": 13, "column": 4 },
          "end": { "line": 13, "column": 32 }
        },
        "locations": [
          {
            "start": { "line": 13, "column": 4 },
            "end": { "line": 13, "column": 32 }
          }
        ]
      },
      "6": {
        "type": "branch",
        "line": 60,
        "loc": {
          "start": { "line": 60, "column": 17 },
          "end": { "line": 68, "column": 15 }
        },
        "locations": [
          {
            "start": { "line": 60, "column": 17 },
            "end": { "line": 68, "column": 15 }
          }
        ]
      },
      "7": {
        "type": "branch",
        "line": 64,
        "loc": {
          "start": { "line": 64, "column": 51 },
          "end": { "line": 64, "column": 76 }
        },
        "locations": [
          {
            "start": { "line": 64, "column": 51 },
            "end": { "line": 64, "column": 76 }
          }
        ]
      }
    },
    "b": {
      "0": [3],
      "1": [0],
      "2": [0],
      "3": [0],
      "4": [0],
      "5": [5],
      "6": [3],
      "7": [0]
    },
    "fnMap": {
      "0": {
        "name": "Pagination",
        "decl": {
          "start": { "line": 9, "column": 29 },
          "end": { "line": 95, "column": 2 }
        },
        "loc": {
          "start": { "line": 9, "column": 29 },
          "end": { "line": 95, "column": 2 }
        },
        "line": 9
      },
      "1": {
        "name": "handlePageChange",
        "decl": {
          "start": { "line": 30, "column": 27 },
          "end": { "line": 33, "column": 4 }
        },
        "loc": {
          "start": { "line": 30, "column": 27 },
          "end": { "line": 33, "column": 4 }
        },
        "line": 30
      },
      "2": {
        "name": "onClick",
        "decl": {
          "start": { "line": 41, "column": 19 },
          "end": { "line": 41, "column": 59 }
        },
        "loc": {
          "start": { "line": 41, "column": 19 },
          "end": { "line": 41, "column": 59 }
        },
        "line": 41
      },
      "3": {
        "name": "onClick",
        "decl": {
          "start": { "line": 52, "column": 21 },
          "end": { "line": 52, "column": 47 }
        },
        "loc": {
          "start": { "line": 52, "column": 21 },
          "end": { "line": 52, "column": 47 }
        },
        "line": 52
      },
      "4": {
        "name": "onClick",
        "decl": {
          "start": { "line": 65, "column": 19 },
          "end": { "line": 65, "column": 48 }
        },
        "loc": {
          "start": { "line": 65, "column": 19 },
          "end": { "line": 65, "column": 48 }
        },
        "line": 65
      },
      "5": {
        "name": "onClick",
        "decl": {
          "start": { "line": 77, "column": 21 },
          "end": { "line": 77, "column": 56 }
        },
        "loc": {
          "start": { "line": 77, "column": 21 },
          "end": { "line": 77, "column": 56 }
        },
        "line": 77
      },
      "6": {
        "name": "onClick",
        "decl": {
          "start": { "line": 88, "column": 19 },
          "end": { "line": 88, "column": 59 }
        },
        "loc": {
          "start": { "line": 88, "column": 19 },
          "end": { "line": 88, "column": 59 }
        },
        "line": 88
      }
    },
    "f": { "0": 3, "1": 0, "2": 0, "3": 0, "4": 0, "5": 0, "6": 0 }
  },
  "C:\\Users\\boris\\Desktop\\rsschoolcourse\\src\\components\\Search\\Search.tsx": {
    "path": "C:\\Users\\boris\\Desktop\\rsschoolcourse\\src\\components\\Search\\Search.tsx",
    "all": false,
    "statementMap": {
      "0": {
        "start": { "line": 1, "column": 0 },
        "end": { "line": 1, "column": 51 }
      },
      "1": {
        "start": { "line": 2, "column": 0 },
        "end": { "line": 2, "column": 41 }
      },
      "2": {
        "start": { "line": 3, "column": 0 },
        "end": { "line": 3, "column": 54 }
      },
      "8": {
        "start": { "line": 9, "column": 0 },
        "end": { "line": 9, "column": 57 }
      },
      "9": {
        "start": { "line": 10, "column": 0 },
        "end": { "line": 10, "column": 54 }
      },
      "10": {
        "start": { "line": 11, "column": 0 },
        "end": { "line": 11, "column": 75 }
      },
      "12": {
        "start": { "line": 13, "column": 0 },
        "end": { "line": 13, "column": 19 }
      },
      "13": {
        "start": { "line": 14, "column": 0 },
        "end": { "line": 14, "column": 34 }
      },
      "14": {
        "start": { "line": 15, "column": 0 },
        "end": { "line": 15, "column": 19 }
      },
      "16": {
        "start": { "line": 17, "column": 0 },
        "end": { "line": 17, "column": 30 }
      },
      "17": {
        "start": { "line": 18, "column": 0 },
        "end": { "line": 18, "column": 46 }
      },
      "18": {
        "start": { "line": 19, "column": 0 },
        "end": { "line": 19, "column": 31 }
      },
      "19": {
        "start": { "line": 20, "column": 0 },
        "end": { "line": 20, "column": 26 }
      },
      "20": {
        "start": { "line": 21, "column": 0 },
        "end": { "line": 21, "column": 4 }
      },
      "22": {
        "start": { "line": 23, "column": 0 },
        "end": { "line": 23, "column": 72 }
      },
      "23": {
        "start": { "line": 24, "column": 0 },
        "end": { "line": 24, "column": 42 }
      },
      "24": {
        "start": { "line": 25, "column": 0 },
        "end": { "line": 25, "column": 4 }
      },
      "26": {
        "start": { "line": 27, "column": 0 },
        "end": { "line": 27, "column": 75 }
      },
      "27": {
        "start": { "line": 28, "column": 0 },
        "end": { "line": 28, "column": 32 }
      },
      "28": {
        "start": { "line": 29, "column": 0 },
        "end": { "line": 29, "column": 21 }
      },
      "29": {
        "start": { "line": 30, "column": 0 },
        "end": { "line": 30, "column": 5 }
      },
      "30": {
        "start": { "line": 31, "column": 0 },
        "end": { "line": 31, "column": 4 }
      },
      "32": {
        "start": { "line": 33, "column": 0 },
        "end": { "line": 33, "column": 10 }
      },
      "33": {
        "start": { "line": 34, "column": 0 },
        "end": { "line": 34, "column": 35 }
      },
      "34": {
        "start": { "line": 35, "column": 0 },
        "end": { "line": 35, "column": 12 }
      },
      "35": {
        "start": { "line": 36, "column": 0 },
        "end": { "line": 36, "column": 38 }
      },
      "36": {
        "start": { "line": 37, "column": 0 },
        "end": { "line": 37, "column": 19 }
      },
      "37": {
        "start": { "line": 38, "column": 0 },
        "end": { "line": 38, "column": 32 }
      },
      "38": {
        "start": { "line": 39, "column": 0 },
        "end": { "line": 39, "column": 30 }
      },
      "39": {
        "start": { "line": 40, "column": 0 },
        "end": { "line": 40, "column": 31 }
      },
      "40": {
        "start": { "line": 41, "column": 0 },
        "end": { "line": 41, "column": 33 }
      },
      "41": {
        "start": { "line": 42, "column": 0 },
        "end": { "line": 42, "column": 8 }
      },
      "42": {
        "start": { "line": 43, "column": 0 },
        "end": { "line": 43, "column": 69 }
      },
      "44": {
        "start": { "line": 45, "column": 0 },
        "end": { "line": 45, "column": 15 }
      },
      "45": {
        "start": { "line": 46, "column": 0 },
        "end": { "line": 46, "column": 10 }
      },
      "47": {
        "start": { "line": 48, "column": 0 },
        "end": { "line": 48, "column": 2 }
      },
      "49": {
        "start": { "line": 50, "column": 0 },
        "end": { "line": 50, "column": 22 }
      }
    },
    "s": {
      "0": 1,
      "1": 1,
      "2": 1,
      "8": 1,
      "9": 4,
      "10": 4,
      "12": 4,
      "13": 2,
      "14": 4,
      "16": 4,
      "17": 0,
      "18": 0,
      "19": 0,
      "20": 0,
      "22": 4,
      "23": 0,
      "24": 0,
      "26": 4,
      "27": 0,
      "28": 0,
      "29": 0,
      "30": 0,
      "32": 4,
      "33": 4,
      "34": 4,
      "35": 4,
      "36": 4,
      "37": 4,
      "38": 4,
      "39": 4,
      "40": 4,
      "41": 4,
      "42": 4,
      "44": 4,
      "45": 4,
      "47": 4,
      "49": 1
    },
    "branchMap": {
      "0": {
        "type": "branch",
        "line": 9,
        "loc": {
          "start": { "line": 9, "column": 38 },
          "end": { "line": 48, "column": 2 }
        },
        "locations": [
          {
            "start": { "line": 9, "column": 38 },
            "end": { "line": 48, "column": 2 }
          }
        ]
      },
      "1": {
        "type": "branch",
        "line": 13,
        "loc": {
          "start": { "line": 13, "column": 12 },
          "end": { "line": 15, "column": 5 }
        },
        "locations": [
          {
            "start": { "line": 13, "column": 12 },
            "end": { "line": 15, "column": 5 }
          }
        ]
      }
    },
    "b": { "0": [4], "1": [2] },
    "fnMap": {
      "0": {
        "name": "Search",
        "decl": {
          "start": { "line": 9, "column": 38 },
          "end": { "line": 48, "column": 2 }
        },
        "loc": {
          "start": { "line": 9, "column": 38 },
          "end": { "line": 48, "column": 2 }
        },
        "line": 9
      },
      "1": {
        "name": "handleSearch",
        "decl": {
          "start": { "line": 17, "column": 23 },
          "end": { "line": 21, "column": 4 }
        },
        "loc": {
          "start": { "line": 17, "column": 23 },
          "end": { "line": 21, "column": 4 }
        },
        "line": 17
      },
      "2": {
        "name": "handleChange",
        "decl": {
          "start": { "line": 23, "column": 23 },
          "end": { "line": 25, "column": 4 }
        },
        "loc": {
          "start": { "line": 23, "column": 23 },
          "end": { "line": 25, "column": 4 }
        },
        "line": 23
      },
      "3": {
        "name": "handleKeyDown",
        "decl": {
          "start": { "line": 27, "column": 24 },
          "end": { "line": 31, "column": 4 }
        },
        "loc": {
          "start": { "line": 27, "column": 24 },
          "end": { "line": 31, "column": 4 }
        },
        "line": 27
      }
    },
    "f": { "0": 4, "1": 0, "2": 0, "3": 0 }
  },
  "C:\\Users\\boris\\Desktop\\rsschoolcourse\\src\\components\\SearchResults\\SearchResults.tsx": {
    "path": "C:\\Users\\boris\\Desktop\\rsschoolcourse\\src\\components\\SearchResults\\SearchResults.tsx",
    "all": false,
    "statementMap": {
      "0": {
        "start": { "line": 1, "column": 0 },
        "end": { "line": 1, "column": 26 }
      },
      "1": {
        "start": { "line": 2, "column": 0 },
        "end": { "line": 2, "column": 48 }
      },
      "3": {
        "start": { "line": 4, "column": 0 },
        "end": { "line": 4, "column": 51 }
      },
      "7": {
        "start": { "line": 8, "column": 0 },
        "end": { "line": 8, "column": 54 }
      },
      "8": {
        "start": { "line": 9, "column": 0 },
        "end": { "line": 9, "column": 42 }
      },
      "9": {
        "start": { "line": 10, "column": 0 },
        "end": { "line": 10, "column": 40 }
      },
      "11": {
        "start": { "line": 12, "column": 0 },
        "end": { "line": 12, "column": 39 }
      },
      "12": {
        "start": { "line": 13, "column": 0 },
        "end": { "line": 13, "column": 33 }
      },
      "13": {
        "start": { "line": 14, "column": 0 },
        "end": { "line": 14, "column": 29 }
      },
      "14": {
        "start": { "line": 15, "column": 0 },
        "end": { "line": 15, "column": 53 }
      },
      "15": {
        "start": { "line": 16, "column": 0 },
        "end": { "line": 16, "column": 32 }
      },
      "16": {
        "start": { "line": 17, "column": 0 },
        "end": { "line": 17, "column": 4 }
      },
      "17": {
        "start": { "line": 18, "column": 0 },
        "end": { "line": 18, "column": 44 }
      },
      "18": {
        "start": { "line": 19, "column": 0 },
        "end": { "line": 19, "column": 59 }
      },
      "19": {
        "start": { "line": 20, "column": 0 },
        "end": { "line": 20, "column": 4 }
      },
      "21": {
        "start": { "line": 22, "column": 0 },
        "end": { "line": 22, "column": 43 }
      },
      "22": {
        "start": { "line": 23, "column": 0 },
        "end": { "line": 23, "column": 16 }
      },
      "23": {
        "start": { "line": 24, "column": 0 },
        "end": { "line": 24, "column": 83 }
      },
      "24": {
        "start": { "line": 25, "column": 0 },
        "end": { "line": 25, "column": 6 }
      },
      "25": {
        "start": { "line": 26, "column": 0 },
        "end": { "line": 26, "column": 4 }
      },
      "27": {
        "start": { "line": 28, "column": 0 },
        "end": { "line": 28, "column": 38 }
      },
      "28": {
        "start": { "line": 29, "column": 0 },
        "end": { "line": 29, "column": 35 }
      },
      "29": {
        "start": { "line": 30, "column": 0 },
        "end": { "line": 30, "column": 53 }
      },
      "30": {
        "start": { "line": 31, "column": 0 },
        "end": { "line": 31, "column": 6 }
      },
      "31": {
        "start": { "line": 32, "column": 0 },
        "end": { "line": 32, "column": 4 }
      },
      "33": {
        "start": { "line": 34, "column": 0 },
        "end": { "line": 34, "column": 57 }
      },
      "34": {
        "start": { "line": 35, "column": 0 },
        "end": { "line": 35, "column": 35 }
      },
      "35": {
        "start": { "line": 36, "column": 0 },
        "end": { "line": 36, "column": 48 }
      },
      "36": {
        "start": { "line": 37, "column": 0 },
        "end": { "line": 37, "column": 48 }
      },
      "37": {
        "start": { "line": 38, "column": 0 },
        "end": { "line": 38, "column": 4 }
      },
      "39": {
        "start": { "line": 40, "column": 0 },
        "end": { "line": 40, "column": 10 }
      },
      "40": {
        "start": { "line": 41, "column": 0 },
        "end": { "line": 41, "column": 36 }
      },
      "41": {
        "start": { "line": 42, "column": 0 },
        "end": { "line": 42, "column": 64 }
      },
      "42": {
        "start": { "line": 43, "column": 0 },
        "end": { "line": 43, "column": 34 }
      },
      "43": {
        "start": { "line": 44, "column": 0 },
        "end": { "line": 44, "column": 67 }
      },
      "45": {
        "start": { "line": 46, "column": 0 },
        "end": { "line": 46, "column": 49 }
      },
      "46": {
        "start": { "line": 47, "column": 0 },
        "end": { "line": 47, "column": 42 }
      },
      "47": {
        "start": { "line": 48, "column": 0 },
        "end": { "line": 48, "column": 66 }
      },
      "48": {
        "start": { "line": 49, "column": 0 },
        "end": { "line": 49, "column": 18 }
      },
      "49": {
        "start": { "line": 50, "column": 0 },
        "end": { "line": 50, "column": 48 }
      },
      "50": {
        "start": { "line": 51, "column": 0 },
        "end": { "line": 51, "column": 37 }
      },
      "51": {
        "start": { "line": 52, "column": 0 },
        "end": { "line": 52, "column": 22 }
      },
      "52": {
        "start": { "line": 53, "column": 0 },
        "end": { "line": 53, "column": 16 }
      },
      "53": {
        "start": { "line": 54, "column": 0 },
        "end": { "line": 54, "column": 18 }
      },
      "54": {
        "start": { "line": 55, "column": 0 },
        "end": { "line": 55, "column": 50 }
      },
      "55": {
        "start": { "line": 56, "column": 0 },
        "end": { "line": 56, "column": 45 }
      },
      "57": {
        "start": { "line": 58, "column": 0 },
        "end": { "line": 58, "column": 32 }
      },
      "58": {
        "start": { "line": 59, "column": 0 },
        "end": { "line": 59, "column": 20 }
      },
      "59": {
        "start": { "line": 60, "column": 0 },
        "end": { "line": 60, "column": 67 }
      },
      "60": {
        "start": { "line": 61, "column": 0 },
        "end": { "line": 61, "column": 22 }
      },
      "61": {
        "start": { "line": 62, "column": 0 },
        "end": { "line": 62, "column": 55 }
      },
      "62": {
        "start": { "line": 63, "column": 0 },
        "end": { "line": 63, "column": 33 }
      },
      "63": {
        "start": { "line": 64, "column": 0 },
        "end": { "line": 64, "column": 52 }
      },
      "64": {
        "start": { "line": 65, "column": 0 },
        "end": { "line": 65, "column": 64 }
      },
      "65": {
        "start": { "line": 66, "column": 0 },
        "end": { "line": 66, "column": 18 }
      },
      "67": {
        "start": { "line": 68, "column": 0 },
        "end": { "line": 68, "column": 23 }
      },
      "68": {
        "start": { "line": 69, "column": 0 },
        "end": { "line": 69, "column": 64 }
      },
      "69": {
        "start": { "line": 70, "column": 0 },
        "end": { "line": 70, "column": 63 }
      },
      "70": {
        "start": { "line": 71, "column": 0 },
        "end": { "line": 71, "column": 17 }
      },
      "72": {
        "start": { "line": 73, "column": 0 },
        "end": { "line": 73, "column": 25 }
      },
      "73": {
        "start": { "line": 74, "column": 0 },
        "end": { "line": 74, "column": 20 }
      },
      "74": {
        "start": { "line": 75, "column": 0 },
        "end": { "line": 75, "column": 18 }
      },
      "75": {
        "start": { "line": 76, "column": 0 },
        "end": { "line": 76, "column": 13 }
      },
      "76": {
        "start": { "line": 77, "column": 0 },
        "end": { "line": 77, "column": 14 }
      },
      "78": {
        "start": { "line": 79, "column": 0 },
        "end": { "line": 79, "column": 10 }
      },
      "80": {
        "start": { "line": 81, "column": 0 },
        "end": { "line": 81, "column": 2 }
      },
      "82": {
        "start": { "line": 83, "column": 0 },
        "end": { "line": 83, "column": 29 }
      }
    },
    "s": {
      "0": 1,
      "1": 1,
      "3": 1,
      "7": 1,
      "8": 1,
      "9": 1,
      "11": 1,
      "12": 10,
      "13": 10,
      "14": 10,
      "15": 10,
      "16": 10,
      "17": 10,
      "18": 10,
      "19": 10,
      "21": 10,
      "22": 1,
      "23": 1,
      "24": 1,
      "25": 1,
      "27": 10,
      "28": 20,
      "29": 20,
      "30": 20,
      "31": 20,
      "33": 10,
      "34": 2,
      "35": 1,
      "36": 1,
      "37": 2,
      "39": 10,
      "40": 10,
      "41": 10,
      "42": 10,
      "43": 1,
      "45": 9,
      "46": 9,
      "47": 18,
      "48": 18,
      "49": 18,
      "50": 18,
      "51": 18,
      "52": 18,
      "53": 18,
      "54": 18,
      "55": 18,
      "57": 18,
      "58": 18,
      "59": 18,
      "60": 18,
      "61": 18,
      "62": 18,
      "63": 18,
      "64": 18,
      "65": 18,
      "67": 18,
      "68": 18,
      "69": 18,
      "70": 18,
      "72": 18,
      "73": 18,
      "74": 18,
      "75": 9,
      "76": 9,
      "78": 10,
      "80": 10,
      "82": 1
    },
    "branchMap": {
      "0": {
        "type": "branch",
        "line": 12,
        "loc": {
          "start": { "line": 12, "column": 32 },
          "end": { "line": 81, "column": 2 }
        },
        "locations": [
          {
            "start": { "line": 12, "column": 32 },
            "end": { "line": 81, "column": 2 }
          }
        ]
      },
      "1": {
        "type": "branch",
        "line": 43,
        "loc": {
          "start": { "line": 43, "column": 29 },
          "end": { "line": 44, "column": 67 }
        },
        "locations": [
          {
            "start": { "line": 43, "column": 29 },
            "end": { "line": 44, "column": 67 }
          }
        ]
      },
      "2": {
        "type": "branch",
        "line": 44,
        "loc": {
          "start": { "line": 44, "column": 61 },
          "end": { "line": 77, "column": 14 }
        },
        "locations": [
          {
            "start": { "line": 44, "column": 61 },
            "end": { "line": 77, "column": 14 }
          }
        ]
      },
      "3": {
        "type": "branch",
        "line": 16,
        "loc": {
          "start": { "line": 16, "column": 4 },
          "end": { "line": 16, "column": 32 }
        },
        "locations": [
          {
            "start": { "line": 16, "column": 4 },
            "end": { "line": 16, "column": 32 }
          }
        ]
      },
      "4": {
        "type": "branch",
        "line": 19,
        "loc": {
          "start": { "line": 19, "column": 4 },
          "end": { "line": 19, "column": 59 }
        },
        "locations": [
          {
            "start": { "line": 19, "column": 4 },
            "end": { "line": 19, "column": 59 }
          }
        ]
      },
      "5": {
        "type": "branch",
        "line": 22,
        "loc": {
          "start": { "line": 22, "column": 26 },
          "end": { "line": 26, "column": 4 }
        },
        "locations": [
          {
            "start": { "line": 22, "column": 26 },
            "end": { "line": 26, "column": 4 }
          }
        ]
      },
      "6": {
        "type": "branch",
        "line": 28,
        "loc": {
          "start": { "line": 28, "column": 21 },
          "end": { "line": 32, "column": 4 }
        },
        "locations": [
          {
            "start": { "line": 28, "column": 21 },
            "end": { "line": 32, "column": 4 }
          }
        ]
      },
      "7": {
        "type": "branch",
        "line": 30,
        "loc": {
          "start": { "line": 30, "column": 6 },
          "end": { "line": 30, "column": 53 }
        },
        "locations": [
          {
            "start": { "line": 30, "column": 6 },
            "end": { "line": 30, "column": 53 }
          }
        ]
      },
      "8": {
        "type": "branch",
        "line": 34,
        "loc": {
          "start": { "line": 34, "column": 29 },
          "end": { "line": 38, "column": 4 }
        },
        "locations": [
          {
            "start": { "line": 34, "column": 29 },
            "end": { "line": 38, "column": 4 }
          }
        ]
      },
      "9": {
        "type": "branch",
        "line": 35,
        "loc": {
          "start": { "line": 35, "column": 34 },
          "end": { "line": 37, "column": 48 }
        },
        "locations": [
          {
            "start": { "line": 35, "column": 34 },
            "end": { "line": 37, "column": 48 }
          }
        ]
      },
      "10": {
        "type": "branch",
        "line": 47,
        "loc": {
          "start": { "line": 47, "column": 26 },
          "end": { "line": 75, "column": 18 }
        },
        "locations": [
          {
            "start": { "line": 47, "column": 26 },
            "end": { "line": 75, "column": 18 }
          }
        ]
      },
      "11": {
        "type": "branch",
        "line": 65,
        "loc": {
          "start": { "line": 65, "column": 28 },
          "end": { "line": 65, "column": 64 }
        },
        "locations": [
          {
            "start": { "line": 65, "column": 28 },
            "end": { "line": 65, "column": 64 }
          }
        ]
      },
      "12": {
        "type": "branch",
        "line": 70,
        "loc": {
          "start": { "line": 70, "column": 27 },
          "end": { "line": 70, "column": 63 }
        },
        "locations": [
          {
            "start": { "line": 70, "column": 27 },
            "end": { "line": 70, "column": 63 }
          }
        ]
      }
    },
    "b": {
      "0": [10],
      "1": [1],
      "2": [9],
      "3": [19],
      "4": [19],
      "5": [1],
      "6": [20],
      "7": [3],
      "8": [2],
      "9": [1],
      "10": [18],
      "11": [2],
      "12": [1]
    },
    "fnMap": {
      "0": {
        "name": "SearchResults",
        "decl": {
          "start": { "line": 12, "column": 32 },
          "end": { "line": 81, "column": 2 }
        },
        "loc": {
          "start": { "line": 12, "column": 32 },
          "end": { "line": 81, "column": 2 }
        },
        "line": 12
      },
      "1": {
        "name": "handleItemClick",
        "decl": {
          "start": { "line": 22, "column": 26 },
          "end": { "line": 26, "column": 4 }
        },
        "loc": {
          "start": { "line": 22, "column": 26 },
          "end": { "line": 26, "column": 4 }
        },
        "line": 22
      },
      "2": {
        "name": "isSelected",
        "decl": {
          "start": { "line": 28, "column": 21 },
          "end": { "line": 32, "column": 4 }
        },
        "loc": {
          "start": { "line": 28, "column": 21 },
          "end": { "line": 32, "column": 4 }
        },
        "line": 28
      },
      "3": {
        "name": "handleSelectToggle",
        "decl": {
          "start": { "line": 34, "column": 29 },
          "end": { "line": 38, "column": 4 }
        },
        "loc": {
          "start": { "line": 34, "column": 29 },
          "end": { "line": 38, "column": 4 }
        },
        "line": 34
      },
      "4": {
        "name": "onChange",
        "decl": {
          "start": { "line": 65, "column": 28 },
          "end": { "line": 65, "column": 64 }
        },
        "loc": {
          "start": { "line": 65, "column": 28 },
          "end": { "line": 65, "column": 64 }
        },
        "line": 65
      },
      "5": {
        "name": "onClick",
        "decl": {
          "start": { "line": 70, "column": 27 },
          "end": { "line": 70, "column": 63 }
        },
        "loc": {
          "start": { "line": 70, "column": 27 },
          "end": { "line": 70, "column": 63 }
        },
        "line": 70
      }
    },
    "f": { "0": 10, "1": 1, "2": 20, "3": 2, "4": 2, "5": 1 }
  },
  "C:\\Users\\boris\\Desktop\\rsschoolcourse\\src\\components\\ThemeProvider\\ThemeContext.tsx": {
    "path": "C:\\Users\\boris\\Desktop\\rsschoolcourse\\src\\components\\ThemeProvider\\ThemeContext.tsx",
    "all": false,
    "statementMap": {
      "0": {
        "start": { "line": 1, "column": 0 },
        "end": { "line": 1, "column": 13 }
      },
      "2": {
        "start": { "line": 3, "column": 0 },
        "end": { "line": 3, "column": 77 }
      },
      "11": {
        "start": { "line": 12, "column": 0 },
        "end": { "line": 12, "column": 76 }
      },
      "13": {
        "start": { "line": 14, "column": 0 },
[...]
        "end": { "line": 15, "column": 8 }
      },
      "15": {
        "start": { "line": 16, "column": 0 },
        "end": { "line": 16, "column": 23 }
      },
      "16": {
        "start": { "line": 17, "column": 0 },
        "end": { "line": 17, "column": 18 }
      },
      "17": {
        "start": { "line": 18, "column": 0 },
        "end": { "line": 18, "column": 19 }
      },
      "18": {
        "start": { "line": 19, "column": 0 },
        "end": { "line": 19, "column": 11 }
      },
      "19": {
        "start": { "line": 20, "column": 0 },
        "end": { "line": 20, "column": 17 }
      },
      "20": {
        "start": { "line": 21, "column": 0 },
        "end": { "line": 21, "column": 40 }
      },
      "21": {
        "start": { "line": 22, "column": 0 },
        "end": { "line": 22, "column": 24 }
      },
      "22": {
        "start": { "line": 23, "column": 0 },
        "end": { "line": 23, "column": 2 }
      },
      "24": {
        "start": { "line": 25, "column": 0 },
        "end": { "line": 25, "column": 44 }
      },
      "25": {
        "start": { "line": 26, "column": 0 },
        "end": { "line": 26, "column": 43 }
      },
      "26": {
        "start": { "line": 27, "column": 0 },
        "end": { "line": 27, "column": 74 }
      },
      "27": {
        "start": { "line": 28, "column": 0 },
        "end": { "line": 28, "column": 5 }
      },
      "29": {
        "start": { "line": 30, "column": 0 },
        "end": { "line": 30, "column": 45 }
      },
      "30": {
        "start": { "line": 31, "column": 0 },
        "end": { "line": 31, "column": 73 }
      },
      "31": {
        "start": { "line": 32, "column": 0 },
        "end": { "line": 32, "column": 54 }
      },
      "32": {
        "start": { "line": 33, "column": 0 },
        "end": { "line": 33, "column": 64 }
      },
      "33": {
        "start": { "line": 34, "column": 0 },
        "end": { "line": 34, "column": 5 }
      },
      "35": {
        "start": { "line": 36, "column": 0 },
        "end": { "line": 36, "column": 47 }
      },
      "36": {
        "start": { "line": 37, "column": 0 },
        "end": { "line": 37, "column": 64 }
      },
      "37": {
        "start": { "line": 38, "column": 0 },
        "end": { "line": 38, "column": 42 }
      },
      "38": {
        "start": { "line": 39, "column": 0 },
        "end": { "line": 39, "column": 6 }
      },
      "39": {
        "start": { "line": 40, "column": 0 },
        "end": { "line": 40, "column": 27 }
      },
      "40": {
        "start": { "line": 41, "column": 0 },
        "end": { "line": 41, "column": 32 }
      },
      "41": {
        "start": { "line": 42, "column": 0 },
        "end": { "line": 42, "column": 42 }
      },
      "42": {
        "start": { "line": 43, "column": 0 },
        "end": { "line": 43, "column": 6 }
      },
      "43": {
        "start": { "line": 44, "column": 0 },
        "end": { "line": 44, "column": 54 }
      },
      "44": {
        "start": { "line": 45, "column": 0 },
        "end": { "line": 45, "column": 5 }
      },
      "46": {
        "start": { "line": 47, "column": 0 },
        "end": { "line": 47, "column": 51 }
      },
      "47": {
        "start": { "line": 48, "column": 0 },
        "end": { "line": 48, "column": 65 }
      },
      "48": {
        "start": { "line": 49, "column": 0 },
        "end": { "line": 49, "column": 42 }
      },
      "49": {
        "start": { "line": 50, "column": 0 },
        "end": { "line": 50, "column": 6 }
      },
      "50": {
        "start": { "line": 51, "column": 0 },
        "end": { "line": 51, "column": 80 }
      },
      "51": {
        "start": { "line": 52, "column": 0 },
        "end": { "line": 52, "column": 54 }
      },
      "52": {
        "start": { "line": 53, "column": 0 },
        "end": { "line": 53, "column": 5 }
      },
      "53": {
        "start": { "line": 54, "column": 0 },
        "end": { "line": 54, "column": 3 }
      }
    },
    "s": {
      "0": 1,
      "6": 1,
      "9": 1,
      "10": 1,
      "11": 1,
      "13": 1,
      "14": 1,
      "15": 1,
      "16": 1,
      "17": 1,
      "18": 1,
      "19": 1,
      "20": 1,
      "21": 1,
      "22": 1,
      "24": 1,
      "25": 1,
      "26": 1,
      "27": 1,
      "29": 1,
      "30": 1,
      "31": 1,
      "32": 1,
      "33": 1,
      "35": 1,
      "36": 1,
      "37": 1,
      "38": 1,
      "39": 1,
      "40": 1,
      "41": 1,
      "42": 1,
      "43": 1,
      "44": 1,
      "46": 1,
      "47": 1,
      "48": 1,
      "49": 1,
      "50": 1,
      "51": 1,
      "52": 1,
      "53": 1
    },
    "branchMap": {
      "0": {
        "type": "branch",
        "line": 25,
        "loc": {
          "start": { "line": 25, "column": 37 },
          "end": { "line": 54, "column": 3 }
        },
        "locations": [
          {
            "start": { "line": 25, "column": 37 },
            "end": { "line": 54, "column": 3 }
          }
        ]
      },
      "1": {
        "type": "branch",
        "line": 26,
        "loc": {
          "start": { "line": 26, "column": 36 },
          "end": { "line": 28, "column": 3 }
        },
        "locations": [
          {
            "start": { "line": 26, "column": 36 },
            "end": { "line": 28, "column": 3 }
          }
        ]
      },
      "2": {
        "type": "branch",
        "line": 30,
        "loc": {
          "start": { "line": 30, "column": 38 },
          "end": { "line": 34, "column": 3 }
        },
        "locations": [
          {
            "start": { "line": 30, "column": 38 },
            "end": { "line": 34, "column": 3 }
          }
        ]
      },
      "3": {
        "type": "branch",
        "line": 36,
        "loc": {
          "start": { "line": 36, "column": 40 },
          "end": { "line": 45, "column": 3 }
        },
        "locations": [
          {
            "start": { "line": 36, "column": 40 },
            "end": { "line": 45, "column": 3 }
          }
        ]
      },
      "4": {
        "type": "branch",
        "line": 47,
        "loc": {
          "start": { "line": 47, "column": 44 },
          "end": { "line": 53, "column": 3 }
        },
        "locations": [
          {
            "start": { "line": 47, "column": 44 },
            "end": { "line": 53, "column": 3 }
          }
        ]
      }
    },
    "b": { "0": [1], "1": [1], "2": [1], "3": [1], "4": [1] },
    "fnMap": {},
    "f": {}
  },
  "C:\\Users\\boris\\Desktop\\rsschoolcourse\\src\\tests\\ThemeContext.test.tsx": {
    "path": "C:\\Users\\boris\\Desktop\\rsschoolcourse\\src\\tests\\ThemeContext.test.tsx",
    "all": false,
    "statementMap": {
      "0": {
        "start": { "line": 1, "column": 0 },
        "end": { "line": 1, "column": 26 }
      },
      "1": {
        "start": { "line": 2, "column": 0 },
        "end": { "line": 2, "column": 67 }
      },
      "2": {
        "start": { "line": 3, "column": 0 },
        "end": { "line": 3, "column": 46 }
      },
      "3": {
        "start": { "line": 4, "column": 0 },
        "end": { "line": 4, "column": 73 }
      },
      "4": {
        "start": { "line": 5, "column": 0 },
        "end": { "line": 5, "column": 41 }
      },
      "6": {
        "start": { "line": 7, "column": 0 },
        "end": { "line": 7, "column": 29 }
      },
      "7": {
        "start": { "line": 8, "column": 0 },
        "end": { "line": 8, "column": 44 }
      },
      "9": {
        "start": { "line": 10, "column": 0 },
        "end": { "line": 10, "column": 10 }
      },
      "10": {
        "start": { "line": 11, "column": 0 },
        "end": { "line": 11, "column": 9 }
      },
      "11": {
        "start": { "line": 12, "column": 0 },
        "end": { "line": 12, "column": 41 }
      },
      "12": {
        "start": { "line": 13, "column": 0 },
        "end": { "line": 13, "column": 80 }
      },
      "14": {
        "start": { "line": 15, "column": 0 },
        "end": { "line": 15, "column": 15 }
      },
      "15": {
        "start": { "line": 16, "column": 0 },
        "end": { "line": 16, "column": 10 }
      },
      "17": {
        "start": { "line": 18, "column": 0 },
        "end": { "line": 18, "column": 2 }
      },
      "19": {
        "start": { "line": 20, "column": 0 },
        "end": { "line": 20, "column": 33 }
      },
      "20": {
        "start": { "line": 21, "column": 0 },
        "end": { "line": 21, "column": 62 }
      },
      "21": {
        "start": { "line": 22, "column": 0 },
        "end": { "line": 22, "column": 37 }
      },
      "22": {
        "start": { "line": 23, "column": 0 },
        "end": { "line": 23, "column": 11 }
      },
      "23": {
        "start": { "line": 24, "column": 0 },
        "end": { "line": 24, "column": 21 }
      },
      "24": {
        "start": { "line": 25, "column": 0 },
        "end": { "line": 25, "column": 25 }
      },
      "25": {
        "start": { "line": 26, "column": 0 },
        "end": { "line": 26, "column": 23 }
      },
      "26": {
        "start": { "line": 27, "column": 0 },
        "end": { "line": 27, "column": 6 }
      },
      "28": {
        "start": { "line": 29, "column": 0 },
        "end": { "line": 29, "column": 73 }
      },
      "29": {
        "start": { "line": 30, "column": 0 },
        "end": { "line": 30, "column": 52 }
      },
      "30": {
        "start": { "line": 31, "column": 0 },
        "end": { "line": 31, "column": 28 }
      },
      "31": {
        "start": { "line": 32, "column": 0 },
        "end": { "line": 32, "column": 42 }
      },
      "32": {
        "start": { "line": 33, "column": 0 },
        "end": { "line": 33, "column": 72 }
      },
      "33": {
        "start": { "line": 34, "column": 0 },
        "end": { "line": 34, "column": 5 }
      },
      "35": {
        "start": { "line": 36, "column": 0 },
        "end": { "line": 36, "column": 57 }
      },
      "36": {
        "start": { "line": 37, "column": 0 },
        "end": { "line": 37, "column": 42 }
      },
      "38": {
        "start": { "line": 39, "column": 0 },
        "end": { "line": 39, "column": 11 }
      },
      "39": {
        "start": { "line": 40, "column": 0 },
        "end": { "line": 40, "column": 21 }
      },
      "40": {
        "start": { "line": 41, "column": 0 },
        "end": { "line": 41, "column": 25 }
      },
      "41": {
        "start": { "line": 42, "column": 0 },
        "end": { "line": 42, "column": 23 }
      },
      "42": {
        "start": { "line": 43, "column": 0 },
        "end": { "line": 43, "column": 6 }
      },
      "44": {
        "start": { "line": 45, "column": 0 },
        "end": { "line": 45, "column": 72 }
      },
      "45": {
        "start": { "line": 46, "column": 0 },
        "end": { "line": 46, "column": 52 }
      },
      "46": {
        "start": { "line": 47, "column": 0 },
        "end": { "line": 47, "column": 28 }
      },
      "47": {
        "start": { "line": 48, "column": 0 },
        "end": { "line": 48, "column": 43 }
      },
      "48": {
        "start": { "line": 49, "column": 0 },
        "end": { "line": 49, "column": 73 }
      },
      "49": {
        "start": { "line": 50, "column": 0 },
        "end": { "line": 50, "column": 5 }
      },
      "50": {
        "start": { "line": 51, "column": 0 },
        "end": { "line": 51, "column": 3 }
      }
    },
    "s": {
      "0": 1,
      "1": 1,
      "2": 1,
      "3": 1,
      "4": 1,
      "6": 1,
      "7": 5,
      "9": 5,
      "10": 5,
      "11": 5,
      "12": 5,
      "14": 5,
      "15": 5,
      "17": 5,
      "19": 1,
      "20": 1,
      "21": 1,
      "22": 1,
      "23": 1,
      "24": 1,
      "25": 1,
      "26": 1,
      "28": 1,
      "29": 1,
      "30": 1,
      "31": 1,
      "32": 1,
      "33": 1,
      "35": 1,
      "36": 1,
      "38": 1,
      "39": 1,
      "40": 1,
      "41": 1,
      "42": 1,
      "44": 1,
      "45": 1,
      "46": 1,
      "47": 1,
      "48": 1,
      "49": 1,
      "50": 1
    },
    "branchMap": {
      "0": {
        "type": "branch",
        "line": 7,
        "loc": {
          "start": { "line": 7, "column": 22 },
          "end": { "line": 18, "column": 2 }
        },
        "locations": [
          {
            "start": { "line": 7, "column": 22 },
            "end": { "line": 18, "column": 2 }
          }
        ]
      },
      "1": {
        "type": "branch",
        "line": 13,
        "loc": {
          "start": { "line": 13, "column": 23 },
          "end": { "line": 13, "column": 80 }
        },
        "locations": [
          {
            "start": { "line": 13, "column": 23 },
            "end": { "line": 13, "column": 80 }
          }
        ]
      },
      "2": {
        "type": "branch",
        "line": 13,
        "loc": {
          "start": { "line": 13, "column": 51 },
          "end": { "line": 13, "column": 70 }
        },
        "locations": [
          {
            "start": { "line": 13, "column": 51 },
            "end": { "line": 13, "column": 70 }
          }
        ]
      },
      "3": {
        "type": "branch",
        "line": 13,
        "loc": {
          "start": { "line": 13, "column": 61 },
          "end": { "line": 13, "column": 77 }
        },
        "locations": [
          {
            "start": { "line": 13, "column": 61 },
            "end": { "line": 13, "column": 77 }
          }
        ]
      },
      "4": {
        "type": "branch",
        "line": 20,
        "loc": {
          "start": { "line": 20, "column": 26 },
          "end": { "line": 51, "column": 3 }
        },
        "locations": [
          {
            "start": { "line": 20, "column": 26 },
            "end": { "line": 51, "column": 3 }
          }
        ]
      },
      "5": {
        "type": "branch",
        "line": 21,
        "loc": {
          "start": { "line": 21, "column": 55 },
          "end": { "line": 34, "column": 3 }
        },
        "locations": [
          {
            "start": { "line": 21, "column": 55 },
            "end": { "line": 34, "column": 3 }
          }
        ]
      },
      "6": {
        "type": "branch",
        "line": 36,
        "loc": {
          "start": { "line": 36, "column": 50 },
          "end": { "line": 50, "column": 3 }
        },
        "locations": [
          {
            "start": { "line": 36, "column": 50 },
            "end": { "line": 50, "column": 3 }
          }
        ]
      }
    },
    "b": {
      "0": [5],
      "1": [2],
      "2": [1],
      "3": [1],
      "4": [1],
      "5": [1],
      "6": [1]
    },
    "fnMap": {
      "0": {
        "name": "TestComponent",
        "decl": {
          "start": { "line": 7, "column": 22 },
          "end": { "line": 18, "column": 2 }
        },
        "loc": {
          "start": { "line": 7, "column": 22 },
          "end": { "line": 18, "column": 2 }
        },
        "line": 7
      },
      "1": {
        "name": "onClick",
        "decl": {
          "start": { "line": 13, "column": 23 },
          "end": { "line": 13, "column": 80 }
        },
        "loc": {
          "start": { "line": 13, "column": 23 },
          "end": { "line": 13, "column": 80 }
        },
        "line": 13
      }
    },
    "f": { "0": 5, "1": 2 }
  },
  "C:\\Users\\boris\\Desktop\\rsschoolcourse\\src\\utils\\mockRouter.ts": {
    "path": "C:\\Users\\boris\\Desktop\\rsschoolcourse\\src\\utils\\mockRouter.ts",
    "all": false,
    "statementMap": {
      "0": {
        "start": { "line": 1, "column": 0 },
        "end": { "line": 1, "column": 41 }
      },
      "1": {
        "start": { "line": 2, "column": 0 },
        "end": { "line": 2, "column": 28 }
      },
      "3": {
        "start": { "line": 4, "column": 0 },
        "end": { "line": 4, "column": 71 }
      },
      "4": {
        "start": { "line": 5, "column": 0 },
        "end": { "line": 5, "column": 10 }
      },
      "5": {
        "start": { "line": 6, "column": 0 },
        "end": { "line": 6, "column": 17 }
      },
      "6": {
        "start": { "line": 7, "column": 0 },
        "end": { "line": 7, "column": 18 }
      },
      "7": {
        "start": { "line": 8, "column": 0 },
        "end": { "line": 8, "column": 15 }
      },
      "8": {
        "start": { "line": 9, "column": 0 },
        "end": { "line": 9, "column": 14 }
      },
      "9": {
        "start": { "line": 10, "column": 0 },
        "end": { "line": 10, "column": 16 }
      },
      "10": {
        "start": { "line": 11, "column": 0 },
        "end": { "line": 11, "column": 18 }
      },
      "11": {
        "start": { "line": 12, "column": 0 },
        "end": { "line": 12, "column": 21 }
      },
      "12": {
        "start": { "line": 13, "column": 0 },
        "end": { "line": 13, "column": 20 }
      },
      "13": {
        "start": { "line": 14, "column": 0 },
        "end": { "line": 14, "column": 18 }
      },
      "14": {
        "start": { "line": 15, "column": 0 },
        "end": { "line": 15, "column": 21 }
      },
      "15": {
        "start": { "line": 16, "column": 0 },
        "end": { "line": 16, "column": 51 }
      },
      "16": {
        "start": { "line": 17, "column": 0 },
        "end": { "line": 17, "column": 28 }
      },
      "17": {
        "start": { "line": 18, "column": 0 },
        "end": { "line": 18, "column": 13 }
      },
      "18": {
        "start": { "line": 19, "column": 0 },
        "end": { "line": 19, "column": 18 }
      },
      "19": {
        "start": { "line": 20, "column": 0 },
        "end": { "line": 20, "column": 19 }
      },
      "20": {
        "start": { "line": 21, "column": 0 },
        "end": { "line": 21, "column": 20 }
      },
      "21": {
        "start": { "line": 22, "column": 0 },
        "end": { "line": 22, "column": 6 }
      },
      "22": {
        "start": { "line": 23, "column": 0 },
        "end": { "line": 23, "column": 22 }
      },
      "23": {
        "start": { "line": 24, "column": 0 },
        "end": { "line": 24, "column": 18 }
      },
      "24": {
        "start": { "line": 25, "column": 0 },
        "end": { "line": 25, "column": 26 }
      },
      "25": {
        "start": { "line": 26, "column": 0 },
        "end": { "line": 26, "column": 21 }
      },
      "26": {
        "start": { "line": 27, "column": 0 },
        "end": { "line": 27, "column": 14 }
      },
      "27": {
        "start": { "line": 28, "column": 0 },
        "end": { "line": 28, "column": 4 }
      },
      "28": {
        "start": { "line": 29, "column": 0 },
        "end": { "line": 29, "column": 2 }
      },
      "30": {
        "start": { "line": 31, "column": 0 },
        "end": { "line": 31, "column": 32 }
      }
    },
    "s": {
      "0": 1,
      "1": 1,
      "3": 1,
      "4": 9,
      "5": 9,
      "6": 9,
      "7": 9,
      "8": 9,
      "9": 9,
      "10": 9,
      "11": 9,
      "12": 9,
      "13": 9,
      "14": 9,
      "15": 9,
      "16": 9,
      "17": 9,
      "18": 9,
      "19": 9,
      "20": 9,
      "21": 9,
      "22": 9,
      "23": 9,
      "24": 9,
      "25": 9,
      "26": 9,
      "27": 9,
      "28": 9,
      "30": 1
    },
    "branchMap": {
      "0": {
        "type": "branch",
        "line": 4,
        "loc": {
          "start": { "line": 4, "column": 25 },
          "end": { "line": 29, "column": 2 }
        },
        "locations": [
          {
            "start": { "line": 4, "column": 25 },
            "end": { "line": 29, "column": 2 }
          }
        ]
      }
    },
    "b": { "0": [9] },
    "fnMap": {
      "0": {
        "name": "createMockRouter",
        "decl": {
          "start": { "line": 4, "column": 25 },
          "end": { "line": 29, "column": 2 }
        },
        "loc": {
          "start": { "line": 4, "column": 25 },
          "end": { "line": 29, "column": 2 }
        },
        "line": 4
      }
    },
    "f": { "0": 9 }
  }
}
